[debug] [2023-02-05T23:38:42.514Z] ----------------------------------------------------------------------
[debug] [2023-02-05T23:38:42.515Z] Command:       /usr/local/bin/node /usr/local/bin/firebase init
[debug] [2023-02-05T23:38:42.515Z] CLI Version:   11.22.0
[debug] [2023-02-05T23:38:42.515Z] Platform:      darwin
[debug] [2023-02-05T23:38:42.515Z] Node Version:  v18.13.0
[debug] [2023-02-05T23:38:42.516Z] Time:          Sun Feb 05 2023 18:38:42 GMT-0500 (Eastern Standard Time)
[debug] [2023-02-05T23:38:42.516Z] ----------------------------------------------------------------------
[debug] 
[debug] [2023-02-05T23:38:42.519Z] > command requires scopes: ["email","openid","https://www.googleapis.com/auth/cloudplatformprojects.readonly","https://www.googleapis.com/auth/firebase","https://www.googleapis.com/auth/cloud-platform"]
[debug] [2023-02-05T23:38:42.519Z] > authorizing via signed-in user (viditk17@gmail.com)
[info] 
     ######## #### ########  ######## ########     ###     ######  ########
     ##        ##  ##     ## ##       ##     ##  ##   ##  ##       ##
     ######    ##  ########  ######   ########  #########  ######  ######
     ##        ##  ##    ##  ##       ##     ## ##     ##       ## ##
     ##       #### ##     ## ######## ########  ##     ##  ######  ########

You're about to initialize a Firebase project in this directory:

  /Users/vidit/GitHubProjects/turbobiz

[info] 
=== Project Setup
[info] 
[info] First, let's associate this project directory with a Firebase project.
[info] You can create multiple project aliases by running firebase use --add, 
[info] but for now we'll just set up a default project.
[info] 
[debug] [2023-02-05T23:38:48.873Z] > refreshing access token with scopes: []
[debug] [2023-02-05T23:38:48.875Z] >>> [apiv2][query] POST https://www.googleapis.com/oauth2/v3/token [none]
[debug] [2023-02-05T23:38:48.875Z] >>> [apiv2][body] POST https://www.googleapis.com/oauth2/v3/token [omitted]
[debug] [2023-02-05T23:38:49.098Z] <<< [apiv2][status] POST https://www.googleapis.com/oauth2/v3/token 400
[debug] [2023-02-05T23:38:49.098Z] <<< [apiv2][body] POST https://www.googleapis.com/oauth2/v3/token [omitted]
[debug] [2023-02-05T23:38:49.099Z] >>> [apiv2][query] GET https://firebase.googleapis.com/v1beta1/projects pageSize=100
[debug] [2023-02-05T23:38:49.241Z] <<< [apiv2][status] GET https://firebase.googleapis.com/v1beta1/projects 401
[debug] [2023-02-05T23:38:49.241Z] <<< [apiv2][body] GET https://firebase.googleapis.com/v1beta1/projects [omitted]
[debug] [2023-02-05T23:38:49.242Z] HTTP Error: 401, Request had invalid authentication credentials. Expected OAuth 2 access token, login cookie or other valid authentication credential. See https://developers.google.com/identity/sign-in/web/devconsole-project.
[debug] [2023-02-05T23:38:49.243Z] FirebaseError: HTTP Error: 401, Request had invalid authentication credentials. Expected OAuth 2 access token, login cookie or other valid authentication credential. See https://developers.google.com/identity/sign-in/web/devconsole-project.
    at responseToError (/usr/local/lib/node_modules/firebase-tools/lib/responseToError.js:49:12)
    at RetryOperation._fn (/usr/local/lib/node_modules/firebase-tools/lib/apiv2.js:288:77)
    at process.processTicksAndRejections (node:internal/process/task_queues:95:5)
[error] 
[error] Error: Failed to list Firebase projects. See firebase-debug.log for more info.
[debug] [2023-02-05T23:47:28.422Z] ----------------------------------------------------------------------
[debug] [2023-02-05T23:47:28.423Z] Command:       /usr/local/bin/node /usr/local/bin/firebase projects:list
[debug] [2023-02-05T23:47:28.423Z] CLI Version:   11.22.0
[debug] [2023-02-05T23:47:28.423Z] Platform:      darwin
[debug] [2023-02-05T23:47:28.423Z] Node Version:  v18.13.0
[debug] [2023-02-05T23:47:28.427Z] Time:          Sun Feb 05 2023 18:47:28 GMT-0500 (Eastern Standard Time)
[debug] [2023-02-05T23:47:28.428Z] ----------------------------------------------------------------------
[debug] 
[debug] [2023-02-05T23:47:28.430Z] > command requires scopes: ["email","openid","https://www.googleapis.com/auth/cloudplatformprojects.readonly","https://www.googleapis.com/auth/firebase","https://www.googleapis.com/auth/cloud-platform"]
[debug] [2023-02-05T23:47:28.431Z] > authorizing via signed-in user (viditk17@gmail.com)
[debug] [2023-02-05T23:47:28.433Z] > refreshing access token with scopes: []
[debug] [2023-02-05T23:47:28.434Z] >>> [apiv2][query] POST https://www.googleapis.com/oauth2/v3/token [none]
[debug] [2023-02-05T23:47:28.434Z] >>> [apiv2][body] POST https://www.googleapis.com/oauth2/v3/token [omitted]
[debug] [2023-02-05T23:47:28.611Z] <<< [apiv2][status] POST https://www.googleapis.com/oauth2/v3/token 400
[debug] [2023-02-05T23:47:28.611Z] <<< [apiv2][body] POST https://www.googleapis.com/oauth2/v3/token [omitted]
[debug] [2023-02-05T23:47:28.612Z] >>> [apiv2][query] GET https://firebase.googleapis.com/v1beta1/projects pageSize=1000
[debug] [2023-02-05T23:47:28.815Z] <<< [apiv2][status] GET https://firebase.googleapis.com/v1beta1/projects 401
[debug] [2023-02-05T23:47:28.816Z] <<< [apiv2][body] GET https://firebase.googleapis.com/v1beta1/projects [omitted]
[debug] [2023-02-05T23:47:28.817Z] HTTP Error: 401, Request had invalid authentication credentials. Expected OAuth 2 access token, login cookie or other valid authentication credential. See https://developers.google.com/identity/sign-in/web/devconsole-project.
[debug] [2023-02-05T23:47:28.820Z] FirebaseError: HTTP Error: 401, Request had invalid authentication credentials. Expected OAuth 2 access token, login cookie or other valid authentication credential. See https://developers.google.com/identity/sign-in/web/devconsole-project.
    at responseToError (/usr/local/lib/node_modules/firebase-tools/lib/responseToError.js:49:12)
    at RetryOperation._fn (/usr/local/lib/node_modules/firebase-tools/lib/apiv2.js:288:77)
    at process.processTicksAndRejections (node:internal/process/task_queues:95:5)
[error] 
[error] Error: Failed to list Firebase projects. See firebase-debug.log for more info.
